ERROR - 2022-08-31 13:16:08 --> Error connecting to the database: mysqli_sql_exception: Connection refused in /opt/lampp/htdocs/ci4app/vendor/codeigniter4/framework/system/Database/MySQLi/Connection.php:171
Stack trace:
#0 /opt/lampp/htdocs/ci4app/vendor/codeigniter4/framework/system/Database/MySQLi/Connection.php(171): mysqli->real_connect()
#1 /opt/lampp/htdocs/ci4app/vendor/codeigniter4/framework/system/Database/BaseConnection.php(382): CodeIgniter\Database\MySQLi\Connection->connect()
#2 /opt/lampp/htdocs/ci4app/vendor/codeigniter4/framework/system/Database/BaseConnection.php(588): CodeIgniter\Database\BaseConnection->initialize()
#3 /opt/lampp/htdocs/ci4app/vendor/codeigniter4/framework/system/Database/BaseBuilder.php(1585): CodeIgniter\Database\BaseConnection->query()
#4 /opt/lampp/htdocs/ci4app/vendor/codeigniter4/framework/system/Model.php(222): CodeIgniter\Database\BaseBuilder->get()
#5 /opt/lampp/htdocs/ci4app/vendor/codeigniter4/framework/system/BaseModel.php(584): CodeIgniter\Model->doFindAll()
#6 /opt/lampp/htdocs/ci4app/app/Models/KomikModel.php(19): CodeIgniter\BaseModel->findAll()
#7 /opt/lampp/htdocs/ci4app/app/Controllers/Komik.php(25): App\Models\KomikModel->getKomik()
#8 /opt/lampp/htdocs/ci4app/vendor/codeigniter4/framework/system/CodeIgniter.php(904): App\Controllers\Komik->index()
#9 /opt/lampp/htdocs/ci4app/vendor/codeigniter4/framework/system/CodeIgniter.php(457): CodeIgniter\CodeIgniter->runController()
#10 /opt/lampp/htdocs/ci4app/vendor/codeigniter4/framework/system/CodeIgniter.php(340): CodeIgniter\CodeIgniter->handleRequest()
#11 /opt/lampp/htdocs/ci4app/public/index.php(67): CodeIgniter\CodeIgniter->run()
#12 /opt/lampp/htdocs/ci4app/vendor/codeigniter4/framework/system/Commands/Server/rewrite.php(43): require_once('/opt/lampp/htdo...')
#13 {main}

Next CodeIgniter\Database\Exceptions\DatabaseException: Connection refused in /opt/lampp/htdocs/ci4app/vendor/codeigniter4/framework/system/Database/MySQLi/Connection.php:215
Stack trace:
#0 /opt/lampp/htdocs/ci4app/vendor/codeigniter4/framework/system/Database/BaseConnection.php(382): CodeIgniter\Database\MySQLi\Connection->connect()
#1 /opt/lampp/htdocs/ci4app/vendor/codeigniter4/framework/system/Database/BaseConnection.php(588): CodeIgniter\Database\BaseConnection->initialize()
#2 /opt/lampp/htdocs/ci4app/vendor/codeigniter4/framework/system/Database/BaseBuilder.php(1585): CodeIgniter\Database\BaseConnection->query()
#3 /opt/lampp/htdocs/ci4app/vendor/codeigniter4/framework/system/Model.php(222): CodeIgniter\Database\BaseBuilder->get()
#4 /opt/lampp/htdocs/ci4app/vendor/codeigniter4/framework/system/BaseModel.php(584): CodeIgniter\Model->doFindAll()
#5 /opt/lampp/htdocs/ci4app/app/Models/KomikModel.php(19): CodeIgniter\BaseModel->findAll()
#6 /opt/lampp/htdocs/ci4app/app/Controllers/Komik.php(25): App\Models\KomikModel->getKomik()
#7 /opt/lampp/htdocs/ci4app/vendor/codeigniter4/framework/system/CodeIgniter.php(904): App\Controllers\Komik->index()
#8 /opt/lampp/htdocs/ci4app/vendor/codeigniter4/framework/system/CodeIgniter.php(457): CodeIgniter\CodeIgniter->runController()
#9 /opt/lampp/htdocs/ci4app/vendor/codeigniter4/framework/system/CodeIgniter.php(340): CodeIgniter\CodeIgniter->handleRequest()
#10 /opt/lampp/htdocs/ci4app/public/index.php(67): CodeIgniter\CodeIgniter->run()
#11 /opt/lampp/htdocs/ci4app/vendor/codeigniter4/framework/system/Commands/Server/rewrite.php(43): require_once('/opt/lampp/htdo...')
#12 {main}
CRITICAL - 2022-08-31 13:16:08 --> Unable to connect to the database.
Main connection [MySQLi]: Connection refused
in SYSTEMPATH/Database/BaseConnection.php on line 418.
 1 SYSTEMPATH/Database/BaseConnection.php(588): CodeIgniter\Database\BaseConnection->initialize()
 2 SYSTEMPATH/Database/BaseBuilder.php(1585): CodeIgniter\Database\BaseConnection->query()
 3 SYSTEMPATH/Model.php(222): CodeIgniter\Database\BaseBuilder->get()
 4 SYSTEMPATH/BaseModel.php(584): CodeIgniter\Model->doFindAll()
 5 APPPATH/Models/KomikModel.php(19): CodeIgniter\BaseModel->findAll()
 6 APPPATH/Controllers/Komik.php(25): App\Models\KomikModel->getKomik()
 7 SYSTEMPATH/CodeIgniter.php(904): App\Controllers\Komik->index()
 8 SYSTEMPATH/CodeIgniter.php(457): CodeIgniter\CodeIgniter->runController()
 9 SYSTEMPATH/CodeIgniter.php(340): CodeIgniter\CodeIgniter->handleRequest()
10 FCPATH/index.php(67): CodeIgniter\CodeIgniter->run()
11 SYSTEMPATH/Commands/Server/rewrite.php(43): require_once('FCPATH/index.php')
